{"uuid":"499fbdf3-1611-4092-8b9d-64acd9fbc51b","historyId":"588feb32e516d84405800fc14ed60aa9","testCaseId":"31532252fabc112e4e29e3a9939969c1","fullName":"src/test/resources/Feature files/05_Class.feature:86","labels":[{"name":"tag","value":"Classpage"},{"name":"tag","value":"LMS"},{"name":"host","value":"MyGenie"},{"name":"thread","value":"208112@MyGenie.main(1)"},{"name":"feature","value":"Class page validation"},{"name":"story","value":"Validate Class Details Popup window"},{"name":"suite","value":"Class page validation"},{"name":"testClass","value":"Validate Class Details Popup window"},{"name":"framework","value":"cucumber4jvm"},{"name":"language","value":"java"},{"name":"gherkin_uri","value":"file:///C:/Users/madhu/OneDrive/Desktop/SDET/LMS_ActionSquad/src/test/resources/Feature%20files/05_Class.feature"},{"name":"package","value":"src.test.resources.Feature files.05_Class_feature.Class page validation"}],"links":[],"name":"Validate Class Details Popup window","status":"broken","statusDetails":{"known":false,"muted":false,"flaky":false,"message":"no such element: Unable to locate element: {\"method\":\"xpath\",\"selector\":\"//span[normalize-space()='Save']\"}\n  (Session info: chrome=133.0.6943.127)\nFor documentation on this error, please visit: https://www.selenium.dev/documentation/webdriver/troubleshooting/errors#no-such-element-exception\nBuild info: version: '4.27.0', revision: 'd6e718d134'\nSystem info: os.name: 'Windows 11', os.arch: 'amd64', os.version: '10.0', java.version: '21.0.5'\nDriver info: org.openqa.selenium.chrome.ChromeDriver\nCommand: [bb9334a71035e5f56e1636fa0e64237c, findElement {using=xpath, value=//span[normalize-space()='Save']}]\nCapabilities {acceptInsecureCerts: false, browserName: chrome, browserVersion: 133.0.6943.127, chrome: {chromedriverVersion: 133.0.6943.126 (cffa127ce7b..., userDataDir: C:\\Users\\madhu\\AppData\\Loca...}, fedcm:accounts: true, goog:chromeOptions: {debuggerAddress: localhost:52460}, networkConnectionEnabled: false, pageLoadStrategy: normal, platformName: windows, proxy: Proxy(), se:cdp: ws://localhost:52460/devtoo..., se:cdpVersion: 133.0.6943.127, setWindowRect: true, strictFileInteractability: false, timeouts: {implicit: 0, pageLoad: 300000, script: 30000}, unhandledPromptBehavior: dismiss and notify, webauthn:extension:credBlob: true, webauthn:extension:largeBlob: true, webauthn:extension:minPinLength: true, webauthn:extension:prf: true, webauthn:virtualAuthenticators: true}\nSession ID: bb9334a71035e5f56e1636fa0e64237c","trace":"org.openqa.selenium.NoSuchElementException: no such element: Unable to locate element: {\"method\":\"xpath\",\"selector\":\"//span[normalize-space()='Save']\"}\n  (Session info: chrome=133.0.6943.127)\nFor documentation on this error, please visit: https://www.selenium.dev/documentation/webdriver/troubleshooting/errors#no-such-element-exception\nBuild info: version: '4.27.0', revision: 'd6e718d134'\nSystem info: os.name: 'Windows 11', os.arch: 'amd64', os.version: '10.0', java.version: '21.0.5'\nDriver info: org.openqa.selenium.chrome.ChromeDriver\nCommand: [bb9334a71035e5f56e1636fa0e64237c, findElement {using=xpath, value=//span[normalize-space()='Save']}]\nCapabilities {acceptInsecureCerts: false, browserName: chrome, browserVersion: 133.0.6943.127, chrome: {chromedriverVersion: 133.0.6943.126 (cffa127ce7b..., userDataDir: C:\\Users\\madhu\\AppData\\Loca...}, fedcm:accounts: true, goog:chromeOptions: {debuggerAddress: localhost:52460}, networkConnectionEnabled: false, pageLoadStrategy: normal, platformName: windows, proxy: Proxy(), se:cdp: ws://localhost:52460/devtoo..., se:cdpVersion: 133.0.6943.127, setWindowRect: true, strictFileInteractability: false, timeouts: {implicit: 0, pageLoad: 300000, script: 30000}, unhandledPromptBehavior: dismiss and notify, webauthn:extension:credBlob: true, webauthn:extension:largeBlob: true, webauthn:extension:minPinLength: true, webauthn:extension:prf: true, webauthn:virtualAuthenticators: true}\nSession ID: bb9334a71035e5f56e1636fa0e64237c\r\n\tat java.base/jdk.internal.reflect.DirectConstructorHandleAccessor.newInstance(DirectConstructorHandleAccessor.java:62)\r\n\tat java.base/java.lang.reflect.Constructor.newInstanceWithCaller(Constructor.java:502)\r\n\tat java.base/java.lang.reflect.Constructor.newInstance(Constructor.java:486)\r\n\tat org.openqa.selenium.remote.ErrorCodec.decode(ErrorCodec.java:167)\r\n\tat org.openqa.selenium.remote.codec.w3c.W3CHttpResponseCodec.decode(W3CHttpResponseCodec.java:138)\r\n\tat org.openqa.selenium.remote.codec.w3c.W3CHttpResponseCodec.decode(W3CHttpResponseCodec.java:50)\r\n\tat org.openqa.selenium.remote.HttpCommandExecutor.execute(HttpCommandExecutor.java:190)\r\n\tat org.openqa.selenium.remote.service.DriverCommandExecutor.invokeExecute(DriverCommandExecutor.java:216)\r\n\tat org.openqa.selenium.remote.service.DriverCommandExecutor.execute(DriverCommandExecutor.java:174)\r\n\tat org.openqa.selenium.remote.RemoteWebDriver.execute(RemoteWebDriver.java:545)\r\n\tat org.openqa.selenium.remote.ElementLocation$ElementFinder$2.findElement(ElementLocation.java:165)\r\n\tat org.openqa.selenium.remote.ElementLocation.findElement(ElementLocation.java:59)\r\n\tat org.openqa.selenium.remote.RemoteWebDriver.findElement(RemoteWebDriver.java:368)\r\n\tat org.openqa.selenium.remote.RemoteWebDriver.findElement(RemoteWebDriver.java:362)\r\n\tat org.openqa.selenium.support.pagefactory.DefaultElementLocator.findElement(DefaultElementLocator.java:68)\r\n\tat org.openqa.selenium.support.pagefactory.internal.LocatingElementHandler.invoke(LocatingElementHandler.java:38)\r\n\tat jdk.proxy2/jdk.proxy2.$Proxy46.isDisplayed(Unknown Source)\r\n\tat stepDefinitions.ClassStep.admin_should_see_the_class_details_pop_up_window(ClassStep.java:236)\r\n\tat ✽.Admin should see the Class Details pop up window \"Save\"(file:///C:/Users/madhu/OneDrive/Desktop/SDET/LMS_ActionSquad/src/test/resources/Feature%20files/05_Class.feature:71)\r\n"},"stage":"finished","steps":[{"name":"Given Admin is on login Page","status":"passed","statusDetails":{"known":false,"muted":false,"flaky":false},"stage":"finished","steps":[],"attachments":[],"parameters":[],"start":1740466888883,"stop":1740466888884},{"name":"When Admin enter valid data in all field and clicks login button","status":"passed","statusDetails":{"known":false,"muted":false,"flaky":false},"stage":"finished","steps":[],"attachments":[],"parameters":[],"start":1740466888884,"stop":1740466889312},{"name":"When Admin clicks Add New Class under class navigation bar","status":"passed","statusDetails":{"known":false,"muted":false,"flaky":false},"stage":"finished","steps":[],"attachments":[],"parameters":[],"start":1740466889312,"stop":1740466889858},{"name":"Then Admin should see the Class Details pop up window \"Save\"","status":"broken","statusDetails":{"known":false,"muted":false,"flaky":false,"message":"no such element: Unable to locate element: {\"method\":\"xpath\",\"selector\":\"//span[normalize-space()='Save']\"}\n  (Session info: chrome=133.0.6943.127)\nFor documentation on this error, please visit: https://www.selenium.dev/documentation/webdriver/troubleshooting/errors#no-such-element-exception\nBuild info: version: '4.27.0', revision: 'd6e718d134'\nSystem info: os.name: 'Windows 11', os.arch: 'amd64', os.version: '10.0', java.version: '21.0.5'\nDriver info: org.openqa.selenium.chrome.ChromeDriver\nCommand: [bb9334a71035e5f56e1636fa0e64237c, findElement {using=xpath, value=//span[normalize-space()='Save']}]\nCapabilities {acceptInsecureCerts: false, browserName: chrome, browserVersion: 133.0.6943.127, chrome: {chromedriverVersion: 133.0.6943.126 (cffa127ce7b..., userDataDir: C:\\Users\\madhu\\AppData\\Loca...}, fedcm:accounts: true, goog:chromeOptions: {debuggerAddress: localhost:52460}, networkConnectionEnabled: false, pageLoadStrategy: normal, platformName: windows, proxy: Proxy(), se:cdp: ws://localhost:52460/devtoo..., se:cdpVersion: 133.0.6943.127, setWindowRect: true, strictFileInteractability: false, timeouts: {implicit: 0, pageLoad: 300000, script: 30000}, unhandledPromptBehavior: dismiss and notify, webauthn:extension:credBlob: true, webauthn:extension:largeBlob: true, webauthn:extension:minPinLength: true, webauthn:extension:prf: true, webauthn:virtualAuthenticators: true}\nSession ID: bb9334a71035e5f56e1636fa0e64237c","trace":"org.openqa.selenium.NoSuchElementException: no such element: Unable to locate element: {\"method\":\"xpath\",\"selector\":\"//span[normalize-space()='Save']\"}\n  (Session info: chrome=133.0.6943.127)\nFor documentation on this error, please visit: https://www.selenium.dev/documentation/webdriver/troubleshooting/errors#no-such-element-exception\nBuild info: version: '4.27.0', revision: 'd6e718d134'\nSystem info: os.name: 'Windows 11', os.arch: 'amd64', os.version: '10.0', java.version: '21.0.5'\nDriver info: org.openqa.selenium.chrome.ChromeDriver\nCommand: [bb9334a71035e5f56e1636fa0e64237c, findElement {using=xpath, value=//span[normalize-space()='Save']}]\nCapabilities {acceptInsecureCerts: false, browserName: chrome, browserVersion: 133.0.6943.127, chrome: {chromedriverVersion: 133.0.6943.126 (cffa127ce7b..., userDataDir: C:\\Users\\madhu\\AppData\\Loca...}, fedcm:accounts: true, goog:chromeOptions: {debuggerAddress: localhost:52460}, networkConnectionEnabled: false, pageLoadStrategy: normal, platformName: windows, proxy: Proxy(), se:cdp: ws://localhost:52460/devtoo..., se:cdpVersion: 133.0.6943.127, setWindowRect: true, strictFileInteractability: false, timeouts: {implicit: 0, pageLoad: 300000, script: 30000}, unhandledPromptBehavior: dismiss and notify, webauthn:extension:credBlob: true, webauthn:extension:largeBlob: true, webauthn:extension:minPinLength: true, webauthn:extension:prf: true, webauthn:virtualAuthenticators: true}\nSession ID: bb9334a71035e5f56e1636fa0e64237c\r\n\tat java.base/jdk.internal.reflect.DirectConstructorHandleAccessor.newInstance(DirectConstructorHandleAccessor.java:62)\r\n\tat java.base/java.lang.reflect.Constructor.newInstanceWithCaller(Constructor.java:502)\r\n\tat java.base/java.lang.reflect.Constructor.newInstance(Constructor.java:486)\r\n\tat org.openqa.selenium.remote.ErrorCodec.decode(ErrorCodec.java:167)\r\n\tat org.openqa.selenium.remote.codec.w3c.W3CHttpResponseCodec.decode(W3CHttpResponseCodec.java:138)\r\n\tat org.openqa.selenium.remote.codec.w3c.W3CHttpResponseCodec.decode(W3CHttpResponseCodec.java:50)\r\n\tat org.openqa.selenium.remote.HttpCommandExecutor.execute(HttpCommandExecutor.java:190)\r\n\tat org.openqa.selenium.remote.service.DriverCommandExecutor.invokeExecute(DriverCommandExecutor.java:216)\r\n\tat org.openqa.selenium.remote.service.DriverCommandExecutor.execute(DriverCommandExecutor.java:174)\r\n\tat org.openqa.selenium.remote.RemoteWebDriver.execute(RemoteWebDriver.java:545)\r\n\tat org.openqa.selenium.remote.ElementLocation$ElementFinder$2.findElement(ElementLocation.java:165)\r\n\tat org.openqa.selenium.remote.ElementLocation.findElement(ElementLocation.java:59)\r\n\tat org.openqa.selenium.remote.RemoteWebDriver.findElement(RemoteWebDriver.java:368)\r\n\tat org.openqa.selenium.remote.RemoteWebDriver.findElement(RemoteWebDriver.java:362)\r\n\tat org.openqa.selenium.support.pagefactory.DefaultElementLocator.findElement(DefaultElementLocator.java:68)\r\n\tat org.openqa.selenium.support.pagefactory.internal.LocatingElementHandler.invoke(LocatingElementHandler.java:38)\r\n\tat jdk.proxy2/jdk.proxy2.$Proxy46.isDisplayed(Unknown Source)\r\n\tat stepDefinitions.ClassStep.admin_should_see_the_class_details_pop_up_window(ClassStep.java:236)\r\n\tat ✽.Admin should see the Class Details pop up window \"Save\"(file:///C:/Users/madhu/OneDrive/Desktop/SDET/LMS_ActionSquad/src/test/resources/Feature%20files/05_Class.feature:71)\r\n"},"stage":"finished","steps":[],"attachments":[],"parameters":[],"start":1740466889858,"stop":1740466899875}],"attachments":[],"parameters":[{"name":"menu","value":"Save"}],"start":1740466886171,"stop":1740466900279}