<?xml version="1.0" encoding="UTF-8"?>
<testng-results ignored="0" total="3" passed="3" failed="0" skipped="0">
  <reporter-output>
  </reporter-output>
  <suite started-at="2025-02-24T18:30:26 CST" name="Default suite" finished-at="2025-02-24T18:30:49 CST" duration-ms="23475">
    <groups>
      <group name="cucumber">
        <method signature="AbstractTestNGCucumberTests.runScenario(io.cucumber.testng.PickleWrapper,io.cucumber.testng.FeatureWrapper)[pri:0, instance:testRunner.TestRunner@31e5415e]" name="runScenario" class="io.cucumber.testng.AbstractTestNGCucumberTests"/>
      </group> <!-- cucumber -->
    </groups>
    <test started-at="2025-02-24T18:30:26 CST" name="Default test" finished-at="2025-02-24T18:30:49 CST" duration-ms="23475">
      <class name="testRunner.TestRunner">
        <test-method is-config="true" signature="setUpClass(org.testng.ITestContext)[pri:0, instance:testRunner.TestRunner@31e5415e]" started-at="2025-02-24T18:30:26 CST" name="setUpClass" finished-at="2025-02-24T18:30:29 CST" duration-ms="3914" status="PASS">
          <params>
            <param index="0">
              <value>
                <![CDATA[org.testng.TestRunner@48bab2c6]]>
              </value>
            </param>
          </params>
          <reporter-output>
          </reporter-output>
        </test-method> <!-- setUpClass -->
        <test-method signature="runScenario(io.cucumber.testng.PickleWrapper,io.cucumber.testng.FeatureWrapper)[pri:0, instance:testRunner.TestRunner@31e5415e]" started-at="2025-02-24T18:30:29 CST" name="runScenario" description="Runs Cucumber Scenarios" data-provider="scenarios" finished-at="2025-02-24T18:30:38 CST" duration-ms="8518" status="PASS">
          <params>
            <param index="0">
              <value>
                <![CDATA["Verify field invalid message"]]>
              </value>
            </param>
            <param index="1">
              <value>
                <![CDATA["Additional Batch Functionality"]]>
              </value>
            </param>
          </params>
          <reporter-output>
          </reporter-output>
        </test-method> <!-- runScenario -->
        <test-method signature="runScenario(io.cucumber.testng.PickleWrapper,io.cucumber.testng.FeatureWrapper)[pri:0, instance:testRunner.TestRunner@31e5415e]" started-at="2025-02-24T18:30:38 CST" name="runScenario" description="Runs Cucumber Scenarios" data-provider="scenarios" finished-at="2025-02-24T18:30:43 CST" duration-ms="4851" status="PASS">
          <params>
            <param index="0">
              <value>
                <![CDATA["Verify field invalid message"]]>
              </value>
            </param>
            <param index="1">
              <value>
                <![CDATA["Additional Batch Functionality"]]>
              </value>
            </param>
          </params>
          <reporter-output>
          </reporter-output>
        </test-method> <!-- runScenario -->
        <test-method signature="runScenario(io.cucumber.testng.PickleWrapper,io.cucumber.testng.FeatureWrapper)[pri:0, instance:testRunner.TestRunner@31e5415e]" started-at="2025-02-24T18:30:43 CST" name="runScenario" description="Runs Cucumber Scenarios" data-provider="scenarios" finished-at="2025-02-24T18:30:48 CST" duration-ms="5186" status="PASS">
          <params>
            <param index="0">
              <value>
                <![CDATA["Verify field invalid message"]]>
              </value>
            </param>
            <param index="1">
              <value>
                <![CDATA["Additional Batch Functionality"]]>
              </value>
            </param>
          </params>
          <reporter-output>
          </reporter-output>
        </test-method> <!-- runScenario -->
        <test-method is-config="true" signature="tearDownClass()[pri:0, instance:testRunner.TestRunner@31e5415e]" started-at="2025-02-24T18:30:48 CST" name="tearDownClass" finished-at="2025-02-24T18:30:49 CST" duration-ms="953" status="PASS">
          <reporter-output>
          </reporter-output>
        </test-method> <!-- tearDownClass -->
      </class> <!-- testRunner.TestRunner -->
    </test> <!-- Default test -->
  </suite> <!-- Default suite -->
</testng-results>
